[2020-02-19 18:39:23] => 
        Type: E_NOTICE | Text: Undefined variable: lastName | File: C:\OSPanel\domains\exchanged.loc\app\views\Main\index.php  | Lime: 1
         
<===========================================>
[2020-02-19 18:40:31] => 
        Type: E_NOTICE | Text: Undefined variable: lastName | File: C:\OSPanel\domains\exchanged.loc\app\views\Main\index.php  | Lime: 1
         
<===========================================>
[2020-02-19 18:45:14] => 
        Type: E_NOTICE | Text: Undefined variable: lastName | File: C:\OSPanel\domains\exchanged.loc\app\views\Main\index.php  | Lime: 1
         
<===========================================>
[2020-02-19 18:45:14] => 
        Type:  | Text: Page not fount | File: C:\OSPanel\domains\exchanged.loc\vendor\exchanged\core\Router.php  | Lime: 49
         
<===========================================>
[2020-02-19 18:45:18] => 
        Type:  | Text: Controller | app\controllers\AsdController | not fount | File: C:\OSPanel\domains\exchanged.loc\vendor\exchanged\core\Router.php  | Lime: 46
         
<===========================================>
[2020-02-19 18:45:23] => 
        Type:  | Text: Controller | app\controllers\AsdasdasdwdqwdController | not fount | File: C:\OSPanel\domains\exchanged.loc\vendor\exchanged\core\Router.php  | Lime: 46
         
<===========================================>
[2020-02-19 18:46:08] => 
        Type:  | Text: Controller | app\controllers\AsdasdasdwdqwdController | not fount | File: C:\OSPanel\domains\exchanged.loc\vendor\exchanged\core\Router.php  | Lime: 46
         
<===========================================>
[2020-02-19 18:46:13] => 
        Type:  | Text: Controller | app\controllers\AsdasdasdwdqwdController | not fount | File: C:\OSPanel\domains\exchanged.loc\vendor\exchanged\core\Router.php  | Lime: 46
         
<===========================================>
[2020-02-19 18:46:18] => 
        Type: E_NOTICE | Text: Undefined variable: lastName | File: C:\OSPanel\domains\exchanged.loc\app\views\Main\index.php  | Lime: 1
         
<===========================================>
[2020-02-19 18:46:19] => 
        Type: E_NOTICE | Text: Undefined variable: lastName | File: C:\OSPanel\domains\exchanged.loc\app\views\Main\index.php  | Lime: 1
         
<===========================================>
[2020-02-19 19:21:20] => 
        Type: E_NOTICE | Text: Undefined variable: lastName | File: C:\OSPanel\domains\exchanged.loc\app\views\Main\index.php  | Lime: 1
         
<===========================================>
[2020-02-19 19:21:25] => 
        Type:  | Text: Controller | app\controllers\AsdasdasdwdqwdController | not fount | File: C:\OSPanel\domains\exchanged.loc\vendor\exchanged\core\Router.php  | Lime: 46
         
<===========================================>
[2020-02-19 19:21:26] => 
        Type:  | Text: Controller | app\controllers\AsdController | not fount | File: C:\OSPanel\domains\exchanged.loc\vendor\exchanged\core\Router.php  | Lime: 46
         
<===========================================>
[2020-02-19 19:21:28] => 
        Type: E_NOTICE | Text: Undefined variable: lastName | File: C:\OSPanel\domains\exchanged.loc\app\views\Main\index.php  | Lime: 1
         
<===========================================>
[2020-02-19 19:21:50] => 
        Type:  | Text: Page not fount | File: C:\OSPanel\domains\exchanged.loc\vendor\exchanged\core\Router.php  | Lime: 49
         
<===========================================>
[2020-02-19 19:21:51] => 
        Type: E_NOTICE | Text: Undefined variable: lastName | File: C:\OSPanel\domains\exchanged.loc\app\views\Main\index.php  | Lime: 1
         
<===========================================>
[2020-02-19 19:21:52] => 
        Type:  | Text: Page not fount | File: C:\OSPanel\domains\exchanged.loc\vendor\exchanged\core\Router.php  | Lime: 49
         
<===========================================>
[2020-02-19 19:21:56] => 
        Type: E_NOTICE | Text: Undefined variable: lastName | File: C:\OSPanel\domains\exchanged.loc\app\views\Main\index.php  | Lime: 1
         
<===========================================>
[2020-02-19 19:21:57] => 
        Type: E_NOTICE | Text: Undefined variable: lastName | File: C:\OSPanel\domains\exchanged.loc\app\views\Main\index.php  | Lime: 1
         
<===========================================>
[2020-02-19 19:23:51] => 
        Type:  | Text: Page not fount | File: C:\OSPanel\domains\exchanged.loc\vendor\exchanged\core\Router.php  | Lime: 49
         
<===========================================>
[2020-02-19 19:24:37] => 
        Type:  | Text: Page not fount | File: C:\OSPanel\domains\exchanged.loc\vendor\exchanged\core\Router.php  | Lime: 49
         
<===========================================>
